[debug] [2024-09-18T14:12:45.313Z] ----------------------------------------------------------------------
[debug] [2024-09-18T14:12:45.316Z] Command:       C:\Program Files\nodejs\node.exe C:\Users\Fakrul Islam\AppData\Roaming\npm\node_modules\firebase-tools\lib\bin\firebase.js deploy
[debug] [2024-09-18T14:12:45.317Z] CLI Version:   13.0.2
[debug] [2024-09-18T14:12:45.317Z] Platform:      win32
[debug] [2024-09-18T14:12:45.317Z] Node Version:  v21.7.3
[debug] [2024-09-18T14:12:45.317Z] Time:          Wed Sep 18 2024 20:12:45 GMT+0600 (Bangladesh Standard Time)
[debug] [2024-09-18T14:12:45.318Z] ----------------------------------------------------------------------
[debug] 
[debug] [2024-09-18T14:12:45.335Z] >>> [apiv2][query] GET https://firebase-public.firebaseio.com/cli.json [none]
[debug] [2024-09-18T14:12:45.508Z] > command requires scopes: ["email","openid","https://www.googleapis.com/auth/cloudplatformprojects.readonly","https://www.googleapis.com/auth/firebase","https://www.googleapis.com/auth/cloud-platform"]
[debug] [2024-09-18T14:12:45.508Z] > authorizing via signed-in user (fislamc6@gmail.com)
[debug] [2024-09-18T14:12:45.509Z] [iam] checking project spten-dental-care for permissions ["firebase.projects.get","firebasehosting.sites.update"]
[debug] [2024-09-18T14:12:45.510Z] > refreshing access token with scopes: []
[debug] [2024-09-18T14:12:45.513Z] >>> [apiv2][query] POST https://www.googleapis.com/oauth2/v3/token [none]
[debug] [2024-09-18T14:12:45.513Z] >>> [apiv2][body] POST https://www.googleapis.com/oauth2/v3/token [omitted]
[debug] [2024-09-18T14:12:45.937Z] <<< [apiv2][status] POST https://www.googleapis.com/oauth2/v3/token 400
[debug] [2024-09-18T14:12:45.937Z] <<< [apiv2][body] POST https://www.googleapis.com/oauth2/v3/token [omitted]
[debug] [2024-09-18T14:12:45.938Z] >>> [apiv2][query] POST https://cloudresourcemanager.googleapis.com/v1/projects/spten-dental-care:testIamPermissions [none]
[debug] [2024-09-18T14:12:45.938Z] >>> [apiv2][(partial)header] POST https://cloudresourcemanager.googleapis.com/v1/projects/spten-dental-care:testIamPermissions x-goog-quota-user=projects/spten-dental-care
[debug] [2024-09-18T14:12:45.938Z] >>> [apiv2][body] POST https://cloudresourcemanager.googleapis.com/v1/projects/spten-dental-care:testIamPermissions {"permissions":["firebase.projects.get","firebasehosting.sites.update"]}
[debug] [2024-09-18T14:12:46.523Z] <<< [apiv2][status] GET https://firebase-public.firebaseio.com/cli.json 200
[debug] [2024-09-18T14:12:46.523Z] <<< [apiv2][body] GET https://firebase-public.firebaseio.com/cli.json {"cloudBuildErrorAfter":1594252800000,"cloudBuildWarnAfter":1590019200000,"defaultNode10After":1594252800000,"minVersion":"3.0.5","node8DeploysDisabledAfter":1613390400000,"node8RuntimeDisabledAfter":1615809600000,"node8WarnAfter":1600128000000}
[debug] [2024-09-18T14:12:47.846Z] <<< [apiv2][status] POST https://cloudresourcemanager.googleapis.com/v1/projects/spten-dental-care:testIamPermissions 401
[debug] [2024-09-18T14:12:47.847Z] <<< [apiv2][body] POST https://cloudresourcemanager.googleapis.com/v1/projects/spten-dental-care:testIamPermissions {"error":{"code":401,"message":"Request had invalid authentication credentials. Expected OAuth 2 access token, login cookie or other valid authentication credential. See https://developers.google.com/identity/sign-in/web/devconsole-project.","status":"UNAUTHENTICATED","details":[{"@type":"type.googleapis.com/google.rpc.ErrorInfo","reason":"ACCESS_TOKEN_TYPE_UNSUPPORTED","metadata":{"method":"google.cloudresourcemanager.v1.Projects.TestIamPermissions","service":"cloudresourcemanager.googleapis.com"}}]}}
[debug] [2024-09-18T14:12:47.852Z] [iam] error while checking permissions, command may fail: FirebaseError: HTTP Error: 401, Request had invalid authentication credentials. Expected OAuth 2 access token, login cookie or other valid authentication credential. See https://developers.google.com/identity/sign-in/web/devconsole-project.
[debug] [2024-09-18T14:12:47.853Z] > refreshing access token with scopes: []
[debug] [2024-09-18T14:12:47.853Z] >>> [apiv2][query] POST https://www.googleapis.com/oauth2/v3/token [none]
[debug] [2024-09-18T14:12:47.853Z] >>> [apiv2][body] POST https://www.googleapis.com/oauth2/v3/token [omitted]
[debug] [2024-09-18T14:12:48.039Z] <<< [apiv2][status] POST https://www.googleapis.com/oauth2/v3/token 400
[debug] [2024-09-18T14:12:48.039Z] <<< [apiv2][body] POST https://www.googleapis.com/oauth2/v3/token [omitted]
[debug] [2024-09-18T14:12:48.040Z] >>> [apiv2][query] GET https://firebase.googleapis.com/v1beta1/projects/spten-dental-care [none]
[debug] [2024-09-18T14:12:48.414Z] <<< [apiv2][status] GET https://firebase.googleapis.com/v1beta1/projects/spten-dental-care 401
[debug] [2024-09-18T14:12:48.415Z] <<< [apiv2][body] GET https://firebase.googleapis.com/v1beta1/projects/spten-dental-care {"error":{"code":401,"message":"Request had invalid authentication credentials. Expected OAuth 2 access token, login cookie or other valid authentication credential. See https://developers.google.com/identity/sign-in/web/devconsole-project.","status":"UNAUTHENTICATED"}}
[debug] [2024-09-18T14:12:48.416Z] HTTP Error: 401, Request had invalid authentication credentials. Expected OAuth 2 access token, login cookie or other valid authentication credential. See https://developers.google.com/identity/sign-in/web/devconsole-project.
[error] 
[error] Error: Assertion failed: resolving hosting target of a site with no site name or target name. This should have caused an error earlier
[debug] [2024-09-18T14:21:16.621Z] ----------------------------------------------------------------------
[debug] [2024-09-18T14:21:16.624Z] Command:       C:\Program Files\nodejs\node.exe C:\Users\Fakrul Islam\AppData\Roaming\npm\node_modules\firebase-tools\lib\bin\firebase.js deploy
[debug] [2024-09-18T14:21:16.625Z] CLI Version:   13.0.2
[debug] [2024-09-18T14:21:16.625Z] Platform:      win32
[debug] [2024-09-18T14:21:16.625Z] Node Version:  v21.7.3
[debug] [2024-09-18T14:21:16.626Z] Time:          Wed Sep 18 2024 20:21:16 GMT+0600 (Bangladesh Standard Time)
[debug] [2024-09-18T14:21:16.626Z] ----------------------------------------------------------------------
[debug] 
[debug] [2024-09-18T14:21:16.795Z] > command requires scopes: ["email","openid","https://www.googleapis.com/auth/cloudplatformprojects.readonly","https://www.googleapis.com/auth/firebase","https://www.googleapis.com/auth/cloud-platform"]
[debug] [2024-09-18T14:21:16.796Z] > authorizing via signed-in user (fislamc6@gmail.com)
[debug] [2024-09-18T14:21:16.796Z] [iam] checking project spten-dental-care for permissions ["firebase.projects.get","firebasehosting.sites.update"]
[debug] [2024-09-18T14:21:16.799Z] > refreshing access token with scopes: []
[debug] [2024-09-18T14:21:16.803Z] >>> [apiv2][query] POST https://www.googleapis.com/oauth2/v3/token [none]
[debug] [2024-09-18T14:21:16.803Z] >>> [apiv2][body] POST https://www.googleapis.com/oauth2/v3/token [omitted]
[debug] [2024-09-18T14:21:30.766Z] <<< [apiv2][status] POST https://www.googleapis.com/oauth2/v3/token 400
[debug] [2024-09-18T14:21:30.767Z] <<< [apiv2][body] POST https://www.googleapis.com/oauth2/v3/token [omitted]
[debug] [2024-09-18T14:21:30.767Z] >>> [apiv2][query] POST https://cloudresourcemanager.googleapis.com/v1/projects/spten-dental-care:testIamPermissions [none]
[debug] [2024-09-18T14:21:30.768Z] >>> [apiv2][(partial)header] POST https://cloudresourcemanager.googleapis.com/v1/projects/spten-dental-care:testIamPermissions x-goog-quota-user=projects/spten-dental-care
[debug] [2024-09-18T14:21:30.768Z] >>> [apiv2][body] POST https://cloudresourcemanager.googleapis.com/v1/projects/spten-dental-care:testIamPermissions {"permissions":["firebase.projects.get","firebasehosting.sites.update"]}
[debug] [2024-09-18T14:21:40.800Z] <<< [apiv2][status] POST https://cloudresourcemanager.googleapis.com/v1/projects/spten-dental-care:testIamPermissions 401
[debug] [2024-09-18T14:21:40.800Z] <<< [apiv2][body] POST https://cloudresourcemanager.googleapis.com/v1/projects/spten-dental-care:testIamPermissions {"error":{"code":401,"message":"Request had invalid authentication credentials. Expected OAuth 2 access token, login cookie or other valid authentication credential. See https://developers.google.com/identity/sign-in/web/devconsole-project.","status":"UNAUTHENTICATED","details":[{"@type":"type.googleapis.com/google.rpc.ErrorInfo","reason":"ACCESS_TOKEN_TYPE_UNSUPPORTED","metadata":{"method":"google.cloudresourcemanager.v1.Projects.TestIamPermissions","service":"cloudresourcemanager.googleapis.com"}}]}}
[debug] [2024-09-18T14:21:40.803Z] [iam] error while checking permissions, command may fail: FirebaseError: HTTP Error: 401, Request had invalid authentication credentials. Expected OAuth 2 access token, login cookie or other valid authentication credential. See https://developers.google.com/identity/sign-in/web/devconsole-project.
[debug] [2024-09-18T14:21:40.805Z] > refreshing access token with scopes: []
[debug] [2024-09-18T14:21:40.807Z] >>> [apiv2][query] POST https://www.googleapis.com/oauth2/v3/token [none]
[debug] [2024-09-18T14:21:40.808Z] >>> [apiv2][body] POST https://www.googleapis.com/oauth2/v3/token [omitted]
[debug] [2024-09-18T14:21:45.602Z] <<< [apiv2][status] POST https://www.googleapis.com/oauth2/v3/token 400
[debug] [2024-09-18T14:21:45.603Z] <<< [apiv2][body] POST https://www.googleapis.com/oauth2/v3/token [omitted]
[debug] [2024-09-18T14:21:45.604Z] >>> [apiv2][query] GET https://firebase.googleapis.com/v1beta1/projects/spten-dental-care [none]
[debug] [2024-09-18T14:21:57.871Z] <<< [apiv2][status] GET https://firebase.googleapis.com/v1beta1/projects/spten-dental-care 401
[debug] [2024-09-18T14:21:57.872Z] <<< [apiv2][body] GET https://firebase.googleapis.com/v1beta1/projects/spten-dental-care {"error":{"code":401,"message":"Request had invalid authentication credentials. Expected OAuth 2 access token, login cookie or other valid authentication credential. See https://developers.google.com/identity/sign-in/web/devconsole-project.","status":"UNAUTHENTICATED"}}
[debug] [2024-09-18T14:21:57.872Z] HTTP Error: 401, Request had invalid authentication credentials. Expected OAuth 2 access token, login cookie or other valid authentication credential. See https://developers.google.com/identity/sign-in/web/devconsole-project.
[error] 
[error] Error: Assertion failed: resolving hosting target of a site with no site name or target name. This should have caused an error earlier
[debug] [2024-09-18T14:31:20.237Z] ----------------------------------------------------------------------
[debug] [2024-09-18T14:31:20.239Z] Command:       C:\Program Files\nodejs\node.exe C:\Users\Fakrul Islam\AppData\Roaming\npm\node_modules\firebase-tools\lib\bin\firebase.js deploy
[debug] [2024-09-18T14:31:20.240Z] CLI Version:   13.0.2
[debug] [2024-09-18T14:31:20.240Z] Platform:      win32
[debug] [2024-09-18T14:31:20.241Z] Node Version:  v18.20.4
[debug] [2024-09-18T14:31:20.242Z] Time:          Wed Sep 18 2024 20:31:20 GMT+0600 (Bangladesh Standard Time)
[debug] [2024-09-18T14:31:20.242Z] ----------------------------------------------------------------------
[debug] 
[debug] [2024-09-18T14:31:20.340Z] > command requires scopes: ["email","openid","https://www.googleapis.com/auth/cloudplatformprojects.readonly","https://www.googleapis.com/auth/firebase","https://www.googleapis.com/auth/cloud-platform"]
[debug] [2024-09-18T14:31:20.340Z] > authorizing via signed-in user (fislamc6@gmail.com)
[debug] [2024-09-18T14:31:20.341Z] [iam] checking project spten-dental-care for permissions ["firebase.projects.get","firebasehosting.sites.update"]
[debug] [2024-09-18T14:31:20.342Z] > refreshing access token with scopes: []
[debug] [2024-09-18T14:31:20.345Z] >>> [apiv2][query] POST https://www.googleapis.com/oauth2/v3/token [none]
[debug] [2024-09-18T14:31:20.345Z] >>> [apiv2][body] POST https://www.googleapis.com/oauth2/v3/token [omitted]
[debug] [2024-09-18T14:31:20.791Z] <<< [apiv2][status] POST https://www.googleapis.com/oauth2/v3/token 400
[debug] [2024-09-18T14:31:20.792Z] <<< [apiv2][body] POST https://www.googleapis.com/oauth2/v3/token [omitted]
[debug] [2024-09-18T14:31:20.792Z] >>> [apiv2][query] POST https://cloudresourcemanager.googleapis.com/v1/projects/spten-dental-care:testIamPermissions [none]
[debug] [2024-09-18T14:31:20.792Z] >>> [apiv2][(partial)header] POST https://cloudresourcemanager.googleapis.com/v1/projects/spten-dental-care:testIamPermissions x-goog-quota-user=projects/spten-dental-care
[debug] [2024-09-18T14:31:20.793Z] >>> [apiv2][body] POST https://cloudresourcemanager.googleapis.com/v1/projects/spten-dental-care:testIamPermissions {"permissions":["firebase.projects.get","firebasehosting.sites.update"]}
[debug] [2024-09-18T14:31:22.500Z] <<< [apiv2][status] POST https://cloudresourcemanager.googleapis.com/v1/projects/spten-dental-care:testIamPermissions 401
[debug] [2024-09-18T14:31:22.501Z] <<< [apiv2][body] POST https://cloudresourcemanager.googleapis.com/v1/projects/spten-dental-care:testIamPermissions {"error":{"code":401,"message":"Request had invalid authentication credentials. Expected OAuth 2 access token, login cookie or other valid authentication credential. See https://developers.google.com/identity/sign-in/web/devconsole-project.","status":"UNAUTHENTICATED","details":[{"@type":"type.googleapis.com/google.rpc.ErrorInfo","reason":"ACCESS_TOKEN_TYPE_UNSUPPORTED","metadata":{"method":"google.cloudresourcemanager.v1.Projects.TestIamPermissions","service":"cloudresourcemanager.googleapis.com"}}]}}
[debug] [2024-09-18T14:31:22.504Z] [iam] error while checking permissions, command may fail: FirebaseError: HTTP Error: 401, Request had invalid authentication credentials. Expected OAuth 2 access token, login cookie or other valid authentication credential. See https://developers.google.com/identity/sign-in/web/devconsole-project.
[debug] [2024-09-18T14:31:22.506Z] > refreshing access token with scopes: []
[debug] [2024-09-18T14:31:22.508Z] >>> [apiv2][query] POST https://www.googleapis.com/oauth2/v3/token [none]
[debug] [2024-09-18T14:31:22.508Z] >>> [apiv2][body] POST https://www.googleapis.com/oauth2/v3/token [omitted]
[debug] [2024-09-18T14:31:22.885Z] <<< [apiv2][status] POST https://www.googleapis.com/oauth2/v3/token 400
[debug] [2024-09-18T14:31:22.886Z] <<< [apiv2][body] POST https://www.googleapis.com/oauth2/v3/token [omitted]
[debug] [2024-09-18T14:31:22.889Z] >>> [apiv2][query] GET https://firebase.googleapis.com/v1beta1/projects/spten-dental-care [none]
[debug] [2024-09-18T14:31:23.755Z] <<< [apiv2][status] GET https://firebase.googleapis.com/v1beta1/projects/spten-dental-care 401
[debug] [2024-09-18T14:31:23.756Z] <<< [apiv2][body] GET https://firebase.googleapis.com/v1beta1/projects/spten-dental-care {"error":{"code":401,"message":"Request had invalid authentication credentials. Expected OAuth 2 access token, login cookie or other valid authentication credential. See https://developers.google.com/identity/sign-in/web/devconsole-project.","status":"UNAUTHENTICATED"}}
[debug] [2024-09-18T14:31:23.758Z] HTTP Error: 401, Request had invalid authentication credentials. Expected OAuth 2 access token, login cookie or other valid authentication credential. See https://developers.google.com/identity/sign-in/web/devconsole-project.
[error] 
[error] Error: Assertion failed: resolving hosting target of a site with no site name or target name. This should have caused an error earlier
